<?xml version="1.0" encoding="UTF-8"?>
<!-- Generated by org.testng.reporters.JUnitReportReporter -->
<testsuite name="testDemo.AssertDemo" tests="3" time="0.004" ignored="0" failures="0" timestamp="16 五月 2021 14:49:29 GMT" skipped="0" hostname="DESKTOP-JTNMTAS" errors="0">
  <testcase name="assertNotEqualsDemo" time="0.002" classname="testDemo.AssertDemo"/>
  <testcase name="assertNullDemo" time="0.001" classname="testDemo.AssertDemo"/>
  <testcase name="assertEqualsDemo" time="0.001" classname="testDemo.AssertDemo"/>
</testsuite> <!-- testDemo.AssertDemo -->
