<?xml version="1.0" encoding="UTF-8"?>
<!-- Generated by org.testng.reporters.JUnitReportReporter -->
<testsuite name="testDemo.TestNGDemo" tests="5" time="0.007" ignored="0" failures="0" timestamp="16 五月 2021 14:49:29 GMT" skipped="0" hostname="DESKTOP-JTNMTAS" errors="0">
  <testcase name="testDemo1" time="0.001" classname="testDemo.TestNGDemo"/>
  <testcase name="testDemo2" time="0.000" classname="testDemo.TestNGDemo"/>
  <testcase name="testDemo4" time="0.002" classname="testDemo.TestNGDemo"/>
  <testcase name="testDemo0" time="0.003" classname="testDemo.TestNGDemo"/>
  <testcase name="testDemo3" time="0.001" classname="testDemo.TestNGDemo"/>
</testsuite> <!-- testDemo.TestNGDemo -->
